<?xml version="1.0" encoding="UTF-8"?>
<!-- Generated by org.testng.reporters.JUnitReportReporter -->
<testsuite hostname="DESKTOP-6GK8DDT" failures="0" tests="1" name="daraz.BaseTest" time="0.011" errors="0" timestamp="2024-11-24T13:30:02 BDT" skipped="0">
  <testcase classname="daraz.BaseTest" name="login" time="0.011"/>
  <system-out/>
</testsuite> <!-- daraz.BaseTest -->
