<?xml version="1.0" encoding="UTF-8"?>
<!-- Generated by org.testng.reporters.JUnitReportReporter -->
<testsuite hostname="DESKTOP-6GK8DDT" failures="0" tests="1" name="daraz.LoginTest" time="3.227" errors="0" timestamp="2024-11-25T10:14:52 BDT" skipped="0">
  <testcase classname="daraz.LoginTest" name="login" time="3.227"/>
  <system-out/>
</testsuite> <!-- daraz.LoginTest -->
