<?xml version="1.0" encoding="UTF-8"?>
<!-- Generated by org.testng.reporters.JUnitReportReporter -->
<testsuite hostname="DESKTOP-6GK8DDT" failures="0" tests="1" name="daraz.Producsearch" time="59.398" errors="0" timestamp="2024-11-25T11:48:00 BDT" skipped="0">
  <testcase classname="daraz.Producsearch" name="productsearch" time="59.398"/>
  <system-out/>
</testsuite> <!-- daraz.Producsearch -->
